[2024-01-10 01:18:48] local.ERROR: Unable to detect application namespace. {"exception":"[object] (RuntimeException(code: 0): Unable to detect application namespace. at C:\\Users\\saura\\OneDrive\\Desktop\\laravel\\laravel_app\\vendor\\laravel\\framework\\src\\Illuminate\\Foundation\\Application.php:1425)
[stacktrace]
#0 C:\\Users\\saura\\OneDrive\\Desktop\\laravel\\laravel_app\\vendor\\laravel\\framework\\src\\Illuminate\\Console\\GeneratorCommand.php(425): Illuminate\\Foundation\\Application->getNamespace()
#1 C:\\Users\\saura\\OneDrive\\Desktop\\laravel\\laravel_app\\vendor\\laravel\\framework\\src\\Illuminate\\Console\\GeneratorCommand.php(205): Illuminate\\Console\\GeneratorCommand->rootNamespace()
#2 C:\\Users\\saura\\OneDrive\\Desktop\\laravel\\laravel_app\\vendor\\laravel\\framework\\src\\Illuminate\\Console\\GeneratorCommand.php(160): Illuminate\\Console\\GeneratorCommand->qualifyClass('UserController')
#3 C:\\Users\\saura\\OneDrive\\Desktop\\laravel\\laravel_app\\vendor\\laravel\\framework\\src\\Illuminate\\Container\\BoundMethod.php(36): Illuminate\\Console\\GeneratorCommand->handle()
#4 C:\\Users\\saura\\OneDrive\\Desktop\\laravel\\laravel_app\\vendor\\laravel\\framework\\src\\Illuminate\\Container\\Util.php(41): Illuminate\\Container\\BoundMethod::Illuminate\\Container\\{closure}()
#5 C:\\Users\\saura\\OneDrive\\Desktop\\laravel\\laravel_app\\vendor\\laravel\\framework\\src\\Illuminate\\Container\\BoundMethod.php(93): Illuminate\\Container\\Util::unwrapIfClosure(Object(Closure))
#6 C:\\Users\\saura\\OneDrive\\Desktop\\laravel\\laravel_app\\vendor\\laravel\\framework\\src\\Illuminate\\Container\\BoundMethod.php(37): Illuminate\\Container\\BoundMethod::callBoundMethod(Object(Illuminate\\Foundation\\Application), Array, Object(Closure))
#7 C:\\Users\\saura\\OneDrive\\Desktop\\laravel\\laravel_app\\vendor\\laravel\\framework\\src\\Illuminate\\Container\\Container.php(661): Illuminate\\Container\\BoundMethod::call(Object(Illuminate\\Foundation\\Application), Array, Array, NULL)
#8 C:\\Users\\saura\\OneDrive\\Desktop\\laravel\\laravel_app\\vendor\\laravel\\framework\\src\\Illuminate\\Console\\Command.php(183): Illuminate\\Container\\Container->call(Array)
#9 C:\\Users\\saura\\OneDrive\\Desktop\\laravel\\laravel_app\\vendor\\symfony\\console\\Command\\Command.php(291): Illuminate\\Console\\Command->execute(Object(Symfony\\Component\\Console\\Input\\ArgvInput), Object(Illuminate\\Console\\OutputStyle))
#10 C:\\Users\\saura\\OneDrive\\Desktop\\laravel\\laravel_app\\vendor\\laravel\\framework\\src\\Illuminate\\Console\\Command.php(153): Symfony\\Component\\Console\\Command\\Command->run(Object(Symfony\\Component\\Console\\Input\\ArgvInput), Object(Illuminate\\Console\\OutputStyle))
#11 C:\\Users\\saura\\OneDrive\\Desktop\\laravel\\laravel_app\\vendor\\symfony\\console\\Application.php(1014): Illuminate\\Console\\Command->run(Object(Symfony\\Component\\Console\\Input\\ArgvInput), Object(Symfony\\Component\\Console\\Output\\ConsoleOutput))
#12 C:\\Users\\saura\\OneDrive\\Desktop\\laravel\\laravel_app\\vendor\\symfony\\console\\Application.php(301): Symfony\\Component\\Console\\Application->doRunCommand(Object(Illuminate\\Routing\\Console\\ControllerMakeCommand), Object(Symfony\\Component\\Console\\Input\\ArgvInput), Object(Symfony\\Component\\Console\\Output\\ConsoleOutput))
#13 C:\\Users\\saura\\OneDrive\\Desktop\\laravel\\laravel_app\\vendor\\symfony\\console\\Application.php(171): Symfony\\Component\\Console\\Application->doRun(Object(Symfony\\Component\\Console\\Input\\ArgvInput), Object(Symfony\\Component\\Console\\Output\\ConsoleOutput))
#14 C:\\Users\\saura\\OneDrive\\Desktop\\laravel\\laravel_app\\vendor\\laravel\\framework\\src\\Illuminate\\Console\\Application.php(102): Symfony\\Component\\Console\\Application->run(Object(Symfony\\Component\\Console\\Input\\ArgvInput), Object(Symfony\\Component\\Console\\Output\\ConsoleOutput))
#15 C:\\Users\\saura\\OneDrive\\Desktop\\laravel\\laravel_app\\vendor\\laravel\\framework\\src\\Illuminate\\Foundation\\Console\\Kernel.php(155): Illuminate\\Console\\Application->run(Object(Symfony\\Component\\Console\\Input\\ArgvInput), Object(Symfony\\Component\\Console\\Output\\ConsoleOutput))
#16 C:\\Users\\saura\\OneDrive\\Desktop\\laravel\\laravel_app\\artisan(37): Illuminate\\Foundation\\Console\\Kernel->handle(Object(Symfony\\Component\\Console\\Input\\ArgvInput), Object(Symfony\\Component\\Console\\Output\\ConsoleOutput))
#17 {main}
"} 
[2024-01-10 01:19:04] local.ERROR: Unable to detect application namespace. {"exception":"[object] (RuntimeException(code: 0): Unable to detect application namespace. at C:\\Users\\saura\\OneDrive\\Desktop\\laravel\\laravel_app\\vendor\\laravel\\framework\\src\\Illuminate\\Foundation\\Application.php:1425)
[stacktrace]
#0 C:\\Users\\saura\\OneDrive\\Desktop\\laravel\\laravel_app\\vendor\\laravel\\framework\\src\\Illuminate\\Console\\GeneratorCommand.php(425): Illuminate\\Foundation\\Application->getNamespace()
#1 C:\\Users\\saura\\OneDrive\\Desktop\\laravel\\laravel_app\\vendor\\laravel\\framework\\src\\Illuminate\\Console\\GeneratorCommand.php(205): Illuminate\\Console\\GeneratorCommand->rootNamespace()
#2 C:\\Users\\saura\\OneDrive\\Desktop\\laravel\\laravel_app\\vendor\\laravel\\framework\\src\\Illuminate\\Console\\GeneratorCommand.php(160): Illuminate\\Console\\GeneratorCommand->qualifyClass('User')
#3 C:\\Users\\saura\\OneDrive\\Desktop\\laravel\\laravel_app\\vendor\\laravel\\framework\\src\\Illuminate\\Foundation\\Console\\ModelMakeCommand.php(57): Illuminate\\Console\\GeneratorCommand->handle()
#4 C:\\Users\\saura\\OneDrive\\Desktop\\laravel\\laravel_app\\vendor\\laravel\\framework\\src\\Illuminate\\Container\\BoundMethod.php(36): Illuminate\\Foundation\\Console\\ModelMakeCommand->handle()
#5 C:\\Users\\saura\\OneDrive\\Desktop\\laravel\\laravel_app\\vendor\\laravel\\framework\\src\\Illuminate\\Container\\Util.php(41): Illuminate\\Container\\BoundMethod::Illuminate\\Container\\{closure}()
#6 C:\\Users\\saura\\OneDrive\\Desktop\\laravel\\laravel_app\\vendor\\laravel\\framework\\src\\Illuminate\\Container\\BoundMethod.php(93): Illuminate\\Container\\Util::unwrapIfClosure(Object(Closure))
#7 C:\\Users\\saura\\OneDrive\\Desktop\\laravel\\laravel_app\\vendor\\laravel\\framework\\src\\Illuminate\\Container\\BoundMethod.php(37): Illuminate\\Container\\BoundMethod::callBoundMethod(Object(Illuminate\\Foundation\\Application), Array, Object(Closure))
#8 C:\\Users\\saura\\OneDrive\\Desktop\\laravel\\laravel_app\\vendor\\laravel\\framework\\src\\Illuminate\\Container\\Container.php(661): Illuminate\\Container\\BoundMethod::call(Object(Illuminate\\Foundation\\Application), Array, Array, NULL)
#9 C:\\Users\\saura\\OneDrive\\Desktop\\laravel\\laravel_app\\vendor\\laravel\\framework\\src\\Illuminate\\Console\\Command.php(183): Illuminate\\Container\\Container->call(Array)
#10 C:\\Users\\saura\\OneDrive\\Desktop\\laravel\\laravel_app\\vendor\\symfony\\console\\Command\\Command.php(291): Illuminate\\Console\\Command->execute(Object(Symfony\\Component\\Console\\Input\\ArgvInput), Object(Illuminate\\Console\\OutputStyle))
#11 C:\\Users\\saura\\OneDrive\\Desktop\\laravel\\laravel_app\\vendor\\laravel\\framework\\src\\Illuminate\\Console\\Command.php(153): Symfony\\Component\\Console\\Command\\Command->run(Object(Symfony\\Component\\Console\\Input\\ArgvInput), Object(Illuminate\\Console\\OutputStyle))
#12 C:\\Users\\saura\\OneDrive\\Desktop\\laravel\\laravel_app\\vendor\\symfony\\console\\Application.php(1014): Illuminate\\Console\\Command->run(Object(Symfony\\Component\\Console\\Input\\ArgvInput), Object(Symfony\\Component\\Console\\Output\\ConsoleOutput))
#13 C:\\Users\\saura\\OneDrive\\Desktop\\laravel\\laravel_app\\vendor\\symfony\\console\\Application.php(301): Symfony\\Component\\Console\\Application->doRunCommand(Object(Illuminate\\Foundation\\Console\\ModelMakeCommand), Object(Symfony\\Component\\Console\\Input\\ArgvInput), Object(Symfony\\Component\\Console\\Output\\ConsoleOutput))
#14 C:\\Users\\saura\\OneDrive\\Desktop\\laravel\\laravel_app\\vendor\\symfony\\console\\Application.php(171): Symfony\\Component\\Console\\Application->doRun(Object(Symfony\\Component\\Console\\Input\\ArgvInput), Object(Symfony\\Component\\Console\\Output\\ConsoleOutput))
#15 C:\\Users\\saura\\OneDrive\\Desktop\\laravel\\laravel_app\\vendor\\laravel\\framework\\src\\Illuminate\\Console\\Application.php(102): Symfony\\Component\\Console\\Application->run(Object(Symfony\\Component\\Console\\Input\\ArgvInput), Object(Symfony\\Component\\Console\\Output\\ConsoleOutput))
#16 C:\\Users\\saura\\OneDrive\\Desktop\\laravel\\laravel_app\\vendor\\laravel\\framework\\src\\Illuminate\\Foundation\\Console\\Kernel.php(155): Illuminate\\Console\\Application->run(Object(Symfony\\Component\\Console\\Input\\ArgvInput), Object(Symfony\\Component\\Console\\Output\\ConsoleOutput))
#17 C:\\Users\\saura\\OneDrive\\Desktop\\laravel\\laravel_app\\artisan(37): Illuminate\\Foundation\\Console\\Kernel->handle(Object(Symfony\\Component\\Console\\Input\\ArgvInput), Object(Symfony\\Component\\Console\\Output\\ConsoleOutput))
#18 {main}
"} 
